{"C:\\Users\\Owner\\Desktop\\binary-tree\\questions\\binaryTrees\\breadthFirstSearch\\index.js": {"path":"C:\\Users\\Owner\\Desktop\\binary-tree\\questions\\binaryTrees\\breadthFirstSearch\\index.js","statementMap":{"0":{"start":{"line":9,"column":28},"end":{"line":22,"column":1}},"1":{"start":{"line":10,"column":18},"end":{"line":10,"column":24}},"2":{"start":{"line":11,"column":19},"end":{"line":11,"column":21}},"3":{"start":{"line":13,"column":4},"end":{"line":19,"column":5}},"4":{"start":{"line":14,"column":24},"end":{"line":14,"column":37}},"5":{"start":{"line":15,"column":8},"end":{"line":15,"column":32}},"6":{"start":{"line":17,"column":8},"end":{"line":17,"column":59}},"7":{"start":{"line":17,"column":35},"end":{"line":17,"column":59}},"8":{"start":{"line":18,"column":8},"end":{"line":18,"column":61}},"9":{"start":{"line":18,"column":36},"end":{"line":18,"column":61}},"10":{"start":{"line":21,"column":6},"end":{"line":21,"column":19}},"11":{"start":{"line":25,"column":0},"end":{"line":25,"column":36}}},"fnMap":{"0":{"name":"(anonymous_0)","decl":{"start":{"line":9,"column":28},"end":{"line":9,"column":29}},"loc":{"start":{"line":9,"column":38},"end":{"line":22,"column":1}},"line":9}},"branchMap":{"0":{"loc":{"start":{"line":17,"column":8},"end":{"line":17,"column":59}},"type":"if","locations":[{"start":{"line":17,"column":8},"end":{"line":17,"column":59}},{"start":{},"end":{}}],"line":17},"1":{"loc":{"start":{"line":18,"column":8},"end":{"line":18,"column":61}},"type":"if","locations":[{"start":{"line":18,"column":8},"end":{"line":18,"column":61}},{"start":{},"end":{}}],"line":18}},"s":{"0":1,"1":4,"2":4,"3":4,"4":24,"5":24,"6":24,"7":12,"8":24,"9":8,"10":4,"11":1},"f":{"0":4},"b":{"0":[12,12],"1":[8,16]},"_coverageSchema":"1a1c01bbd47fc00a2c39e90264f33305004495a9","hash":"c0a0b5f74c22d4d540ef2705e248b16dec06e5db"}
,"C:\\Users\\Owner\\Desktop\\binary-tree\\solutions\\binaryTrees\\breadthFirstSearch\\index.js": {"path":"C:\\Users\\Owner\\Desktop\\binary-tree\\solutions\\binaryTrees\\breadthFirstSearch\\index.js","statementMap":{"0":{"start":{"line":8,"column":28},"end":{"line":24,"column":1}},"1":{"start":{"line":10,"column":18},"end":{"line":10,"column":26}},"2":{"start":{"line":11,"column":20},"end":{"line":11,"column":22}},"3":{"start":{"line":13,"column":4},"end":{"line":20,"column":5}},"4":{"start":{"line":14,"column":24},"end":{"line":14,"column":37}},"5":{"start":{"line":16,"column":8},"end":{"line":16,"column":33}},"6":{"start":{"line":18,"column":8},"end":{"line":18,"column":50}},"7":{"start":{"line":18,"column":26},"end":{"line":18,"column":50}},"8":{"start":{"line":19,"column":8},"end":{"line":19,"column":52}},"9":{"start":{"line":19,"column":27},"end":{"line":19,"column":52}},"10":{"start":{"line":22,"column":4},"end":{"line":22,"column":18}},"11":{"start":{"line":27,"column":0},"end":{"line":27,"column":36}}},"fnMap":{"0":{"name":"(anonymous_0)","decl":{"start":{"line":8,"column":28},"end":{"line":8,"column":29}},"loc":{"start":{"line":8,"column":38},"end":{"line":24,"column":1}},"line":8}},"branchMap":{"0":{"loc":{"start":{"line":18,"column":8},"end":{"line":18,"column":50}},"type":"if","locations":[{"start":{"line":18,"column":8},"end":{"line":18,"column":50}},{"start":{},"end":{}}],"line":18},"1":{"loc":{"start":{"line":19,"column":8},"end":{"line":19,"column":52}},"type":"if","locations":[{"start":{"line":19,"column":8},"end":{"line":19,"column":52}},{"start":{},"end":{}}],"line":19}},"s":{"0":1,"1":4,"2":4,"3":4,"4":24,"5":24,"6":24,"7":12,"8":24,"9":8,"10":4,"11":1},"f":{"0":4},"b":{"0":[12,12],"1":[8,16]},"_coverageSchema":"1a1c01bbd47fc00a2c39e90264f33305004495a9","hash":"b17c394ad297348abf2b1989f03405f68b4ecdca"}
}
