TN:
SF:questions\binaryTrees\breadthFirstSearch\index.js
FN:9,(anonymous_0)
FNF:1
FNH:1
FNDA:4,(anonymous_0)
DA:9,1
DA:10,4
DA:11,4
DA:13,4
DA:14,24
DA:15,24
DA:17,24
DA:18,24
DA:21,4
DA:25,1
LF:10
LH:10
BRDA:17,0,0,12
BRDA:17,0,1,12
BRDA:18,1,0,8
BRDA:18,1,1,16
BRF:4
BRH:4
end_of_record
TN:
SF:solutions\binaryTrees\breadthFirstSearch\index.js
FN:8,(anonymous_0)
FNF:1
FNH:1
FNDA:4,(anonymous_0)
DA:8,1
DA:10,4
DA:11,4
DA:13,4
DA:14,24
DA:16,24
DA:18,24
DA:19,24
DA:22,4
DA:27,1
LF:10
LH:10
BRDA:18,0,0,12
BRDA:18,0,1,12
BRDA:19,1,0,8
BRDA:19,1,1,16
BRF:4
BRH:4
end_of_record
